TN:
SF:src\DistributedState\DistributedState.stories.tsx
FN:21,(anonymous_0)
FN:27,(anonymous_1)
FN:29,(anonymous_2)
FN:29,(anonymous_3)
FN:43,(anonymous_4)
FN:57,(anonymous_5)
FN:71,(anonymous_6)
FN:87,(anonymous_7)
FN:89,(anonymous_8)
FNF:9
FNH:0
FNDA:0,(anonymous_0)
FNDA:0,(anonymous_1)
FNDA:0,(anonymous_2)
FNDA:0,(anonymous_3)
FNDA:0,(anonymous_4)
FNDA:0,(anonymous_5)
FNDA:0,(anonymous_6)
FNDA:0,(anonymous_7)
FNDA:0,(anonymous_8)
DA:19,0
DA:21,0
DA:22,0
DA:23,0
DA:25,0
DA:27,0
DA:29,0
DA:31,0
DA:43,0
DA:44,0
DA:45,0
DA:47,0
DA:49,0
DA:57,0
DA:60,0
DA:62,0
DA:69,0
DA:72,0
DA:74,0
DA:85,0
DA:88,0
DA:89,0
DA:91,0
LF:23
LH:0
BRDA:58,0,0,0
BRF:1
BRH:0
end_of_record
TN:
SF:src\DistributedState\DistributedState.tsx
FN:23,isValidComponent
FN:33,createDistributedStateContext
FN:38,(anonymous_2)
FN:38,(anonymous_3)
FN:40,(anonymous_4)
FN:42,(anonymous_5)
FN:48,(anonymous_6)
FN:52,(anonymous_7)
FN:53,(anonymous_8)
FN:54,(anonymous_9)
FN:54,(anonymous_10)
FN:59,createDistributedStateApi
FN:65,(anonymous_12)
FN:70,(anonymous_13)
FN:72,(anonymous_14)
FN:75,(anonymous_15)
FN:84,useDistributedStateFromProvider
FN:92,useDistributedStateFromDefaultState
FN:93,(anonymous_18)
FN:95,(anonymous_19)
FN:95,(anonymous_20)
FN:111,createDistributedState
FN:114,(anonymous_22)
FN:115,(anonymous_23)
FN:116,(anonymous_24)
FN:118,(anonymous_25)
FN:125,(anonymous_26)
FN:140,(anonymous_27)
FN:143,(anonymous_28)
FN:149,useDistributedState
FNF:30
FNH:0
FNDA:0,isValidComponent
FNDA:0,createDistributedStateContext
FNDA:0,(anonymous_2)
FNDA:0,(anonymous_3)
FNDA:0,(anonymous_4)
FNDA:0,(anonymous_5)
FNDA:0,(anonymous_6)
FNDA:0,(anonymous_7)
FNDA:0,(anonymous_8)
FNDA:0,(anonymous_9)
FNDA:0,(anonymous_10)
FNDA:0,createDistributedStateApi
FNDA:0,(anonymous_12)
FNDA:0,(anonymous_13)
FNDA:0,(anonymous_14)
FNDA:0,(anonymous_15)
FNDA:0,useDistributedStateFromProvider
FNDA:0,useDistributedStateFromDefaultState
FNDA:0,(anonymous_18)
FNDA:0,(anonymous_19)
FNDA:0,(anonymous_20)
FNDA:0,createDistributedState
FNDA:0,(anonymous_22)
FNDA:0,(anonymous_23)
FNDA:0,(anonymous_24)
FNDA:0,(anonymous_25)
FNDA:0,(anonymous_26)
FNDA:0,(anonymous_27)
FNDA:0,(anonymous_28)
FNDA:0,useDistributedState
DA:24,0
DA:25,0
DA:26,0
DA:27,0
DA:28,0
DA:29,0
DA:30,0
DA:34,0
DA:35,0
DA:36,0
DA:38,0
DA:40,0
DA:42,0
DA:43,0
DA:44,0
DA:45,0
DA:48,0
DA:53,0
DA:54,0
DA:60,0
DA:61,0
DA:62,0
DA:63,0
DA:65,0
DA:66,0
DA:67,0
DA:70,0
DA:72,0
DA:74,0
DA:75,0
DA:85,0
DA:93,0
DA:95,0
DA:98,0
DA:105,0
DA:112,0
DA:114,0
DA:115,0
DA:116,0
DA:118,0
DA:123,0
DA:125,0
DA:127,0
DA:134,0
DA:136,0
DA:140,0
DA:143,0
DA:150,0
DA:151,0
DA:152,0
DA:153,0
DA:154,0
DA:156,0
LF:53
LH:0
BRDA:24,0,0,0
BRDA:24,1,0,0
BRDA:24,1,1,0
BRDA:26,2,0,0
BRDA:26,3,0,0
BRDA:26,3,1,0
BRDA:28,4,0,0
BRDA:28,5,0,0
BRDA:28,5,1,0
BRDA:29,6,0,0
BRDA:34,7,0,0
BRDA:43,8,0,0
BRDA:43,8,1,0
BRDA:62,9,0,0
BRDA:66,10,0,0
BRDA:96,11,0,0
BRDA:119,12,0,0
BRDA:152,13,0,0
BRDA:152,14,0,0
BRDA:152,14,1,0
BRDA:153,15,0,0
BRF:21
BRH:0
end_of_record
TN:
SF:src\DistributedState2\createDistributedState.ts
FN:6,createDistributedState
FNF:1
FNH:1
FNDA:5,createDistributedState
DA:1,1
DA:2,1
DA:3,1
DA:6,1
DA:7,5
DA:8,5
DA:9,5
DA:11,5
LF:8
LH:8
BRF:0
BRH:0
end_of_record
TN:
SF:src\DistributedState2\createDistributedStateContext.ts
FN:12,createDistributedStateContext
FN:15,(anonymous_1)
FN:16,(anonymous_2)
FN:17,(anonymous_3)
FN:18,(anonymous_4)
FNF:5
FNH:2
FNDA:5,createDistributedStateContext
FNDA:0,(anonymous_1)
FNDA:0,(anonymous_2)
FNDA:7,(anonymous_3)
FNDA:0,(anonymous_4)
DA:1,1
DA:12,1
DA:13,5
DA:15,0
DA:16,0
DA:17,7
DA:18,0
LF:7
LH:4
BRF:0
BRH:0
end_of_record
TN:
SF:src\DistributedState2\createDistributedStateHook.ts
FN:8,(anonymous_0)
FN:9,(anonymous_1)
FN:23,createDistributedStateHook
FN:25,(anonymous_3)
FN:31,(anonymous_4)
FN:35,(anonymous_5)
FN:42,(anonymous_6)
FN:49,(anonymous_7)
FN:52,(anonymous_8)
FN:54,(anonymous_9)
FN:56,(anonymous_10)
FN:65,(anonymous_11)
FN:68,(anonymous_12)
FN:69,(anonymous_13)
FN:69,(anonymous_14)
FN:73,(anonymous_15)
FNF:16
FNH:8
FNDA:7,(anonymous_0)
FNDA:0,(anonymous_1)
FNDA:5,createDistributedStateHook
FNDA:6,(anonymous_3)
FNDA:6,(anonymous_4)
FNDA:6,(anonymous_5)
FNDA:2,(anonymous_6)
FNDA:0,(anonymous_7)
FNDA:5,(anonymous_8)
FNDA:0,(anonymous_9)
FNDA:0,(anonymous_10)
FNDA:0,(anonymous_11)
FNDA:0,(anonymous_12)
FNDA:0,(anonymous_13)
FNDA:0,(anonymous_14)
FNDA:5,(anonymous_15)
DA:1,1
DA:2,1
DA:3,1
DA:4,1
DA:8,7
DA:9,1
DA:23,1
DA:25,5
DA:26,6
DA:27,6
DA:28,6
DA:29,6
DA:30,6
DA:31,6
DA:32,6
DA:33,6
DA:35,6
DA:36,6
DA:37,6
DA:40,6
DA:42,6
DA:43,2
DA:44,2
DA:45,1
DA:46,1
DA:47,1
DA:48,1
DA:49,1
DA:52,6
DA:54,6
DA:55,0
DA:56,0
DA:57,0
DA:58,0
DA:60,0
DA:65,6
DA:66,0
DA:67,0
DA:68,0
DA:69,0
DA:72,6
DA:73,5
LF:42
LH:33
BRDA:25,0,0,6
BRDA:25,1,0,6
BRDA:25,2,0,6
BRDA:25,3,0,6
BRDA:31,4,0,0
BRDA:31,4,1,6
BRDA:31,5,0,0
BRDA:31,5,1,0
BRDA:32,6,0,0
BRDA:35,7,0,0
BRDA:44,8,0,1
BRDA:48,9,0,1
BRDA:48,10,0,1
BRDA:48,10,1,1
BRDA:52,11,0,5
BRDA:52,12,0,0
BRDA:55,13,0,0
BRDA:55,13,1,0
BRDA:57,14,0,0
BRDA:57,14,1,0
BRF:20
BRH:10
end_of_record
TN:
SF:src\DistributedState2\createDistributedStateProvider.tsx
FN:9,(anonymous_0)
FN:24,createDistributedStateProvider
FN:26,(anonymous_2)
FN:37,(anonymous_3)
FN:39,(anonymous_4)
FN:40,(anonymous_5)
FN:40,(anonymous_6)
FN:43,(anonymous_7)
FN:50,(anonymous_8)
FN:56,(anonymous_9)
FN:58,(anonymous_10)
FN:59,(anonymous_11)
FN:61,(anonymous_12)
FN:62,(anonymous_13)
FN:64,(anonymous_14)
FNF:15
FNH:12
FNDA:8,(anonymous_0)
FNDA:5,createDistributedStateProvider
FNDA:7,(anonymous_2)
FNDA:6,(anonymous_3)
FNDA:5,(anonymous_4)
FNDA:5,(anonymous_5)
FNDA:5,(anonymous_6)
FNDA:2,(anonymous_7)
FNDA:2,(anonymous_8)
FNDA:0,(anonymous_9)
FNDA:2,(anonymous_10)
FNDA:0,(anonymous_11)
FNDA:6,(anonymous_12)
FNDA:0,(anonymous_13)
FNDA:5,(anonymous_14)
DA:1,1
DA:2,1
DA:3,1
DA:4,1
DA:5,1
DA:9,8
DA:24,1
DA:26,5
DA:33,7
DA:34,7
DA:35,7
DA:37,7
DA:38,6
DA:39,6
DA:40,6
DA:43,7
DA:44,2
DA:45,2
DA:46,2
DA:47,2
DA:48,2
DA:49,2
DA:50,2
DA:51,2
DA:52,2
DA:56,7
DA:58,7
DA:59,7
DA:61,7
DA:62,7
DA:64,7
DA:72,7
LF:32
LH:32
BRDA:29,0,0,7
BRDA:31,1,0,0
BRDA:43,2,0,0
BRDA:44,3,0,2
BRDA:44,3,1,0
BRDA:45,4,0,0
BRDA:45,4,1,2
BRDA:46,5,0,0
BRDA:46,6,0,0
BRDA:46,6,1,0
BRDA:47,7,0,0
BRDA:51,8,0,0
BRF:12
BRH:3
end_of_record
TN:
SF:src\EventBoundary\EventBoundary.tsx
FN:25,(anonymous_0)
FN:36,(anonymous_1)
FN:36,(anonymous_2)
FN:36,(anonymous_3)
FNF:4
FNH:0
FNDA:0,(anonymous_0)
FNDA:0,(anonymous_1)
FNDA:0,(anonymous_2)
FNDA:0,(anonymous_3)
DA:7,0
DA:25,0
DA:34,0
DA:36,0
DA:37,0
DA:40,0
LF:6
LH:0
BRDA:26,0,0,0
BRDA:27,1,0,0
BRDA:28,2,0,0
BRDA:29,3,0,0
BRDA:30,4,0,0
BRDA:32,5,0,0
BRDA:37,6,0,0
BRF:7
BRH:0
end_of_record
TN:
SF:src\Tag\createStyledTag.tsx
FN:9,createStyledTag
FN:14,(anonymous_3)
FNF:2
FNH:0
FNDA:0,createStyledTag
FNDA:0,(anonymous_3)
DA:10,0
DA:14,0
DA:19,0
DA:21,0
LF:4
LH:0
BRDA:16,0,0,0
BRF:1
BRH:0
end_of_record
TN:
SF:src\Tag\tag.tsx
FN:9,(anonymous_0)
FN:18,(anonymous_1)
FNF:2
FNH:0
FNDA:0,(anonymous_0)
FNDA:0,(anonymous_1)
DA:9,0
DA:10,0
DA:15,0
DA:16,0
DA:18,0
DA:19,0
DA:20,0
DA:22,0
DA:25,0
LF:9
LH:0
BRDA:19,0,0,0
BRDA:20,1,0,0
BRDA:22,2,0,0
BRDA:22,2,1,0
BRF:4
BRH:0
end_of_record
TN:
SF:src\anuxComponents\anuxFunctionComponent.tests2.tsx
FN:6,(anonymous_0)
FN:8,(anonymous_1)
FN:13,(anonymous_2)
FN:17,(anonymous_3)
FN:23,(anonymous_4)
FN:29,(anonymous_5)
FN:30,(anonymous_6)
FN:40,(anonymous_7)
FN:55,(anonymous_8)
FN:56,(anonymous_9)
FN:60,(anonymous_10)
FN:64,(anonymous_11)
FN:75,(anonymous_12)
FN:76,(anonymous_13)
FN:84,(anonymous_14)
FN:105,(anonymous_15)
FN:107,(anonymous_16)
FN:115,(anonymous_17)
FNF:18
FNH:0
FNDA:0,(anonymous_0)
FNDA:0,(anonymous_1)
FNDA:0,(anonymous_2)
FNDA:0,(anonymous_3)
FNDA:0,(anonymous_4)
FNDA:0,(anonymous_5)
FNDA:0,(anonymous_6)
FNDA:0,(anonymous_7)
FNDA:0,(anonymous_8)
FNDA:0,(anonymous_9)
FNDA:0,(anonymous_10)
FNDA:0,(anonymous_11)
FNDA:0,(anonymous_12)
FNDA:0,(anonymous_13)
FNDA:0,(anonymous_14)
FNDA:0,(anonymous_15)
FNDA:0,(anonymous_16)
FNDA:0,(anonymous_17)
DA:6,0
DA:8,0
DA:10,0
DA:11,0
DA:13,0
DA:14,0
DA:15,0
DA:16,0
DA:17,0
DA:18,0
DA:19,0
DA:23,0
DA:24,0
DA:25,0
DA:26,0
DA:29,0
DA:30,0
DA:33,0
DA:40,0
DA:43,0
DA:48,0
DA:49,0
DA:50,0
DA:51,0
DA:52,0
DA:55,0
DA:56,0
DA:58,0
DA:60,0
DA:63,0
DA:64,0
DA:68,0
DA:69,0
DA:70,0
DA:71,0
DA:72,0
DA:75,0
DA:76,0
DA:79,0
DA:84,0
DA:87,0
DA:89,0
DA:94,0
DA:95,0
DA:96,0
DA:97,0
DA:98,0
DA:99,0
DA:100,0
DA:101,0
DA:102,0
DA:105,0
DA:106,0
DA:107,0
DA:110,0
DA:115,0
DA:118,0
DA:120,0
DA:125,0
DA:126,0
DA:127,0
DA:128,0
DA:129,0
LF:63
LH:0
BRDA:35,0,0,0
BRDA:35,0,1,0
BRF:2
BRH:0
end_of_record
TN:
SF:src\anuxComponents\anuxFunctionComponent.tsx
FN:41,compareChildren
FN:55,compareProps
FN:56,(anonymous_2)
FN:60,(anonymous_3)
FN:71,addLoggingToProps
FN:74,(anonymous_5)
FN:75,(anonymous_6)
FN:75,(anonymous_7)
FN:98,anuxBaseFunctionComponent
FN:100,(anonymous_9)
FN:106,anuxFC
FN:110,anuxPureFC
FN:114,anuxGenericPureFC
FNF:13
FNH:10
FNDA:2,compareChildren
FNDA:10,compareProps
FNDA:4,(anonymous_2)
FNDA:0,(anonymous_3)
FNDA:13,addLoggingToProps
FNDA:2,(anonymous_5)
FNDA:8,(anonymous_6)
FNDA:13,(anonymous_7)
FNDA:10,anuxBaseFunctionComponent
FNDA:13,(anonymous_9)
FNDA:0,anuxFC
FNDA:10,anuxPureFC
FNDA:0,anuxGenericPureFC
DA:3,1
DA:4,1
DA:6,1
DA:19,1
DA:42,2
DA:43,0
DA:44,0
DA:45,0
DA:46,0
DA:47,0
DA:49,0
DA:51,0
DA:52,0
DA:56,10
DA:57,4
DA:58,2
DA:59,0
DA:60,0
DA:61,0
DA:62,0
DA:65,2
DA:69,1
DA:72,13
DA:73,13
DA:74,13
DA:75,8
DA:76,13
DA:77,0
DA:78,0
DA:79,0
DA:80,0
DA:82,2
DA:89,13
DA:90,13
DA:91,13
DA:100,13
DA:101,10
DA:102,10
DA:103,10
DA:106,1
DA:107,0
DA:110,1
DA:111,10
DA:114,1
DA:116,0
LF:45
LH:27
BRDA:42,0,0,2
BRDA:43,1,0,0
BRDA:43,2,0,0
BRDA:43,2,1,0
BRDA:44,3,0,0
BRDA:44,4,0,0
BRDA:44,4,1,0
BRDA:45,5,0,0
BRDA:47,6,0,0
BRDA:57,7,0,2
BRDA:58,8,0,2
BRDA:59,9,0,0
BRDA:60,10,0,0
BRDA:60,10,1,0
BRDA:61,11,0,0
BRDA:72,12,0,0
BRDA:72,12,1,13
BRDA:72,13,0,0
BRDA:72,13,1,0
BRDA:74,14,0,13
BRDA:74,14,1,2
BRDA:76,15,0,13
BRDA:76,16,0,13
BRDA:76,16,1,13
BRDA:77,17,0,0
BRDA:77,18,0,0
BRDA:77,18,1,0
BRDA:78,19,0,0
BRDA:78,19,1,0
BRDA:79,20,0,0
BRDA:79,20,1,0
BRDA:79,21,0,0
BRDA:79,21,1,0
BRDA:79,22,0,0
BRDA:79,22,1,0
BRDA:89,23,0,2
BRDA:101,24,0,10
BRF:37
BRH:11
end_of_record
TN:
SF:src\anuxContext\createAnuxContext.tsx
FN:18,createAnuxContext
FN:22,(anonymous_1)
FN:23,(anonymous_2)
FN:26,(anonymous_3)
FN:33,saveOnChanged
FN:34,(anonymous_5)
FN:37,(anonymous_6)
FN:41,(anonymous_7)
FN:45,(anonymous_8)
FN:49,(anonymous_9)
FN:56,(anonymous_10)
FN:65,useContext
FN:70,(anonymous_12)
FN:72,(anonymous_13)
FN:75,(anonymous_14)
FNF:15
FNH:0
FNDA:0,createAnuxContext
FNDA:0,(anonymous_1)
FNDA:0,(anonymous_2)
FNDA:0,(anonymous_3)
FNDA:0,saveOnChanged
FNDA:0,(anonymous_5)
FNDA:0,(anonymous_6)
FNDA:0,(anonymous_7)
FNDA:0,(anonymous_8)
FNDA:0,(anonymous_9)
FNDA:0,(anonymous_10)
FNDA:0,useContext
FNDA:0,(anonymous_12)
FNDA:0,(anonymous_13)
FNDA:0,(anonymous_14)
DA:19,0
DA:22,0
DA:23,0
DA:26,0
DA:31,0
DA:34,0
DA:35,0
DA:36,0
DA:37,0
DA:41,0
DA:42,0
DA:43,0
DA:44,0
DA:45,0
DA:46,0
DA:49,0
DA:56,0
DA:58,0
DA:66,0
DA:67,0
DA:69,0
DA:71,0
DA:72,0
DA:73,0
DA:75,0
DA:81,0
LF:26
LH:0
BRDA:29,0,0,0
BRDA:44,1,0,0
BRDA:67,2,0,0
BRF:3
BRH:0
end_of_record
TN:
SF:src\areEqual\areEqual.tests2.tsx
FN:6,(anonymous_0)
FN:12,(anonymous_1)
FN:17,(anonymous_2)
FN:18,(anonymous_3)
FN:46,(anonymous_4)
FN:76,(anonymous_5)
FNF:6
FNH:0
FNDA:0,(anonymous_0)
FNDA:0,(anonymous_1)
FNDA:0,(anonymous_2)
FNDA:0,(anonymous_3)
FNDA:0,(anonymous_4)
FNDA:0,(anonymous_5)
DA:7,0
DA:13,0
DA:17,0
DA:18,0
DA:19,0
DA:26,0
DA:33,0
DA:40,0
DA:41,0
DA:42,0
DA:43,0
DA:46,0
DA:47,0
DA:54,0
DA:61,0
DA:68,0
DA:69,0
DA:70,0
DA:71,0
DA:72,0
DA:73,0
DA:76,0
DA:77,0
DA:84,0
DA:87,0
DA:90,0
DA:91,0
DA:92,0
DA:93,0
LF:29
LH:0
BRDA:7,0,0,0
BRDA:7,0,1,0
BRDA:13,1,0,0
BRDA:13,1,1,0
BRF:4
BRH:0
end_of_record
TN:
SF:src\areEqual\areEqual.ts
FN:3,compareElements
FN:12,customComparer
FN:21,areDeepEqual
FN:25,areShallowEqual
FNF:4
FNH:0
FNDA:0,compareElements
FNDA:0,customComparer
FNDA:0,areDeepEqual
FNDA:0,areShallowEqual
DA:4,0
DA:5,0
DA:6,0
DA:7,0
DA:9,0
DA:13,0
DA:14,0
DA:15,0
DA:16,0
DA:17,0
DA:18,0
DA:22,0
DA:26,0
LF:13
LH:0
BRDA:6,0,0,0
BRDA:6,1,0,0
BRDA:6,1,1,0
BRDA:7,2,0,0
BRDA:7,3,0,0
BRDA:7,3,1,0
BRDA:13,4,0,0
BRDA:14,5,0,0
BRDA:14,6,0,0
BRDA:14,6,1,0
BRDA:15,7,0,0
BRDA:16,8,0,0
BRDA:16,9,0,0
BRDA:16,9,1,0
BRDA:18,10,0,0
BRDA:18,11,0,0
BRDA:18,11,1,0
BRF:17
BRH:0
end_of_record
TN:
SF:src\children\filterBy\type\filterByType.tests2.tsx
FN:6,(anonymous_0)
FN:12,(anonymous_1)
FN:17,(anonymous_2)
FN:19,(anonymous_3)
FNF:4
FNH:0
FNDA:0,(anonymous_0)
FNDA:0,(anonymous_1)
FNDA:0,(anonymous_2)
FNDA:0,(anonymous_3)
DA:7,0
DA:13,0
DA:17,0
DA:19,0
DA:21,0
DA:37,0
DA:38,0
DA:39,0
DA:40,0
LF:9
LH:0
BRF:0
BRH:0
end_of_record
TN:
SF:src\children\filterBy\type\filterByType.ts
FN:9,type
FN:11,(anonymous_1)
FNF:2
FNH:0
FNDA:0,type
FNDA:0,(anonymous_1)
DA:10,0
DA:11,0
DA:12,0
DA:13,0
DA:14,0
DA:15,0
DA:16,0
DA:19,0
LF:8
LH:0
BRDA:9,0,0,0
BRDA:12,1,0,0
BRDA:13,2,0,0
BRDA:14,3,0,0
BRF:4
BRH:0
end_of_record
TN:
SF:src\children\separate\separate.tests2.tsx
FN:6,(anonymous_0)
FN:12,(anonymous_1)
FN:18,(anonymous_2)
FN:23,(anonymous_3)
FN:25,(anonymous_4)
FNF:5
FNH:0
FNDA:0,(anonymous_0)
FNDA:0,(anonymous_1)
FNDA:0,(anonymous_2)
FNDA:0,(anonymous_3)
FNDA:0,(anonymous_4)
DA:7,0
DA:13,0
DA:19,0
DA:23,0
DA:25,0
DA:27,0
DA:41,0
DA:42,0
DA:43,0
DA:44,0
DA:45,0
LF:11
LH:0
BRF:0
BRH:0
end_of_record
TN:
SF:src\children\separate\separate.ts
FN:4,separate
FN:10,(anonymous_1)
FN:15,(anonymous_2)
FN:16,(anonymous_3)
FNF:4
FNH:0
FNDA:0,separate
FNDA:0,(anonymous_1)
FNDA:0,(anonymous_2)
FNDA:0,(anonymous_3)
DA:6,0
DA:7,0
DA:8,0
DA:10,0
DA:14,0
DA:16,0
DA:17,0
DA:18,0
DA:20,0
DA:23,0
LF:10
LH:0
BRDA:16,0,0,0
BRDA:16,0,1,0
BRDA:17,1,0,0
BRDA:17,1,1,0
BRF:4
BRH:0
end_of_record
TN:
SF:src\components\Icon.tsx
FN:14,(anonymous_0)
FN:34,(anonymous_1)
FN:46,(anonymous_2)
FNF:3
FNH:0
FNDA:0,(anonymous_0)
FNDA:0,(anonymous_1)
FNDA:0,(anonymous_2)
DA:13,0
DA:14,0
DA:34,0
DA:40,0
DA:41,0
DA:45,0
DA:46,0
DA:47,0
DA:48,0
DA:49,0
DA:50,0
DA:51,0
DA:55,0
LF:13
LH:0
BRDA:37,0,0,0
BRDA:38,1,0,0
BRDA:42,2,0,0
BRDA:42,2,1,0
BRDA:42,3,0,0
BRDA:42,3,1,0
BRDA:47,4,0,0
BRDA:48,5,0,0
BRDA:48,5,1,0
BRDA:48,5,2,0
BRF:10
BRH:0
end_of_record
TN:
SF:src\errors\ErrorBoundary.tsx
FN:18,(anonymous_2)
FN:22,(anonymous_3)
FN:26,(anonymous_4)
FN:12,(anonymous_5)
FNF:4
FNH:0
FNDA:0,(anonymous_2)
FNDA:0,(anonymous_3)
FNDA:0,(anonymous_4)
FNDA:0,(anonymous_5)
DA:13,0
DA:14,0
DA:15,0
DA:19,0
DA:23,0
DA:27,0
LF:6
LH:0
BRF:0
BRH:0
end_of_record
TN:
SF:src\errors\ErrorHandler.tsx
FN:15,(anonymous_0)
FN:31,(anonymous_1)
FN:31,(anonymous_2)
FN:33,(anonymous_3)
FN:35,(anonymous_4)
FN:37,(anonymous_5)
FN:40,(anonymous_6)
FN:45,(anonymous_7)
FN:47,(anonymous_8)
FN:50,(anonymous_9)
FN:55,(anonymous_10)
FN:57,(anonymous_11)
FN:60,(anonymous_12)
FN:65,(anonymous_13)
FN:67,(anonymous_14)
FN:71,(anonymous_15)
FN:79,(anonymous_16)
FN:97,(anonymous_17)
FN:104,(anonymous_18)
FN:106,(anonymous_19)
FNF:20
FNH:0
FNDA:0,(anonymous_0)
FNDA:0,(anonymous_1)
FNDA:0,(anonymous_2)
FNDA:0,(anonymous_3)
FNDA:0,(anonymous_4)
FNDA:0,(anonymous_5)
FNDA:0,(anonymous_6)
FNDA:0,(anonymous_7)
FNDA:0,(anonymous_8)
FNDA:0,(anonymous_9)
FNDA:0,(anonymous_10)
FNDA:0,(anonymous_11)
FNDA:0,(anonymous_12)
FNDA:0,(anonymous_13)
FNDA:0,(anonymous_14)
FNDA:0,(anonymous_15)
FNDA:0,(anonymous_16)
FNDA:0,(anonymous_17)
FNDA:0,(anonymous_18)
FNDA:0,(anonymous_19)
DA:13,0
DA:15,0
DA:22,0
DA:23,0
DA:24,0
DA:26,0
DA:27,0
DA:28,0
DA:29,0
DA:31,0
DA:33,0
DA:35,0
DA:36,0
DA:37,0
DA:40,0
DA:41,0
DA:42,0
DA:43,0
DA:44,0
DA:45,0
DA:47,0
DA:50,0
DA:51,0
DA:52,0
DA:55,0
DA:56,0
DA:57,0
DA:60,0
DA:61,0
DA:62,0
DA:65,0
DA:66,0
DA:67,0
DA:68,0
DA:71,0
DA:72,0
DA:73,0
DA:74,0
DA:75,0
DA:76,0
DA:79,0
DA:80,0
DA:81,0
DA:82,0
DA:83,0
DA:84,0
DA:85,0
DA:86,0
DA:87,0
DA:88,0
DA:91,0
DA:92,0
DA:94,0
DA:97,0
DA:99,0
DA:102,0
DA:104,0
DA:106,0
DA:115,0
DA:122,0
LF:60
LH:0
BRDA:33,0,0,0
BRDA:33,0,1,0
BRDA:41,1,0,0
BRDA:42,2,0,0
BRDA:43,3,0,0
BRDA:51,4,0,0
BRDA:61,5,0,0
BRDA:65,6,0,0
BRDA:68,7,0,0
BRDA:71,8,0,0
BRDA:72,9,0,0
BRDA:73,10,0,0
BRDA:73,10,1,0
BRDA:80,11,0,0
BRDA:82,12,0,0
BRDA:82,13,0,0
BRDA:82,13,1,0
BRDA:83,14,0,0
BRDA:85,15,0,0
BRDA:91,16,0,0
BRDA:92,17,0,0
BRDA:99,18,0,0
BRDA:99,18,1,0
BRDA:102,19,0,0
BRDA:117,20,0,0
BRDA:117,20,1,0
BRDA:117,20,2,0
BRF:27
BRH:0
end_of_record
TN:
SF:src\errors\context.ts
FN:20,(anonymous_0)
FN:21,(anonymous_1)
FN:21,(anonymous_2)
FN:22,(anonymous_3)
FN:22,(anonymous_4)
FN:23,(anonymous_5)
FN:24,(anonymous_6)
FN:25,(anonymous_7)
FN:26,(anonymous_8)
FNF:9
FNH:0
FNDA:0,(anonymous_0)
FNDA:0,(anonymous_1)
FNDA:0,(anonymous_2)
FNDA:0,(anonymous_3)
FNDA:0,(anonymous_4)
FNDA:0,(anonymous_5)
FNDA:0,(anonymous_6)
FNDA:0,(anonymous_7)
FNDA:0,(anonymous_8)
DA:18,0
DA:20,0
DA:21,0
DA:22,0
DA:23,0
DA:24,0
DA:25,0
DA:26,0
LF:8
LH:0
BRF:0
BRH:0
end_of_record
TN:
SF:src\errors\useErrors.ts
FN:5,useErrors
FN:9,(anonymous_1)
FN:12,(anonymous_2)
FN:12,(anonymous_3)
FN:14,(anonymous_4)
FN:18,(anonymous_5)
FN:28,(anonymous_6)
FN:28,(anonymous_7)
FN:30,(anonymous_8)
FN:34,(anonymous_9)
FN:37,(anonymous_10)
FNF:11
FNH:0
FNDA:0,useErrors
FNDA:0,(anonymous_1)
FNDA:0,(anonymous_2)
FNDA:0,(anonymous_3)
FNDA:0,(anonymous_4)
FNDA:0,(anonymous_5)
FNDA:0,(anonymous_6)
FNDA:0,(anonymous_7)
FNDA:0,(anonymous_8)
FNDA:0,(anonymous_9)
FNDA:0,(anonymous_10)
DA:6,0
DA:7,0
DA:8,0
DA:9,0
DA:11,0
DA:12,0
DA:14,0
DA:15,0
DA:16,0
DA:17,0
DA:18,0
DA:20,0
DA:23,0
DA:24,0
DA:28,0
DA:29,0
DA:30,0
DA:31,0
DA:34,0
DA:36,0
DA:37,0
LF:21
LH:0
BRDA:14,0,0,0
BRDA:17,1,0,0
BRDA:17,1,1,0
BRDA:29,2,0,0
BRDA:30,3,0,0
BRDA:31,4,0,0
BRDA:31,5,0,0
BRDA:31,5,1,0
BRF:8
BRH:0
end_of_record
TN:
SF:src\errors\types\AnuxError.ts
FN:37,(anonymous_7)
FN:38,(anonymous_8)
FN:39,(anonymous_9)
FN:40,(anonymous_10)
FN:41,(anonymous_11)
FN:43,(anonymous_12)
FN:47,(anonymous_13)
FN:13,(anonymous_14)
FNF:8
FNH:0
FNDA:0,(anonymous_7)
FNDA:0,(anonymous_8)
FNDA:0,(anonymous_9)
FNDA:0,(anonymous_10)
FNDA:0,(anonymous_11)
FNDA:0,(anonymous_12)
FNDA:0,(anonymous_13)
FNDA:0,(anonymous_14)
DA:14,0
DA:15,0
DA:16,0
DA:17,0
DA:18,0
DA:19,0
DA:21,0
DA:22,0
DA:23,0
DA:24,0
DA:25,0
DA:26,0
DA:29,0
DA:30,0
DA:31,0
DA:32,0
DA:33,0
DA:37,0
DA:38,0
DA:39,0
DA:40,0
DA:41,0
DA:44,0
DA:48,0
LF:24
LH:0
BRDA:49,0,0,0
BRDA:49,0,1,0
BRDA:16,1,0,0
BRDA:22,2,0,0
BRDA:22,2,1,0
BRDA:23,3,0,0
BRDA:23,3,1,0
BRF:7
BRH:0
end_of_record
TN:
SF:src\errors\types\ApiError.ts
FN:15,(anonymous_0)
FNF:1
FNH:0
FNDA:0,(anonymous_0)
DA:16,0
LF:1
LH:0
BRDA:15,0,0,0
BRDA:16,1,0,0
BRDA:16,1,1,0
BRDA:16,2,0,0
BRDA:16,2,1,0
BRF:5
BRH:0
end_of_record
TN:
SF:src\errors\types\AuthenticationError.ts
FN:6,(anonymous_0)
FNF:1
FNH:0
FNDA:0,(anonymous_0)
DA:7,0
LF:1
LH:0
BRDA:6,0,0,0
BRDA:7,1,0,0
BRDA:7,1,1,0
BRF:3
BRH:0
end_of_record
